# JRE version: OpenJDK Runtime Environment (17.0.7) (build 17.0.7+0-b2043.56-10550314)
# Java VM: OpenJDK 64-Bit Server VM (17.0.7+0-b2043.56-10550314, mixed mode, tiered, compressed oops, compressed class ptrs, g1 gc, windows-amd64)
GC Precious Log:
 CPUs: 12 total, 12 available
 Memory: 15761M
 Large Page Support: Disabled
 NUMA Support: Disabled
 Compressed Oops: Enabled (32-bit)
 Heap Region Size: 1M
 Heap Min Capacity: 8M
 Heap Initial Capacity: 248M
 Heap Max Capacity: 2G
 Pre-touch: Disabled
 Parallel Workers: 10
 Concurrent Workers: 3
 Concurrent Refinement Workers: 10
 Periodic GC: Disabled
Heap:
 garbage-first heap   total 427008K, used 174195K [0x0000000080000000, 0x0000000100000000)
  region size 1024K, 2 young (2048K), 2 survivors (2048K)
 Metaspace       used 133054K, committed 134144K, reserved 1179648K
  class space    used 18173K, committed 18752K, reserved 1048576K
GC Heap History (20 events):
Event: 1098.772 GC heap after
{Heap after GC invocations=72 (full 0):
 garbage-first heap   total 425984K, used 174311K [0x0000000080000000, 0x0000000100000000)
  region size 1024K, 3 young (3072K), 3 survivors (3072K)
 Metaspace       used 131532K, committed 132608K, reserved 1179648K
  class space    used 18122K, committed 18688K, reserved 1048576K
}
Event: 1098.990 GC heap before
{Heap before GC invocations=72 (full 0):
 garbage-first heap   total 425984K, used 345319K [0x0000000080000000, 0x0000000100000000)
  region size 1024K, 170 young (174080K), 3 survivors (3072K)
 Metaspace       used 131653K, committed 132736K, reserved 1179648K
  class space    used 18129K, committed 18688K, reserved 1048576K
}
Event: 1098.994 GC heap after
{Heap after GC invocations=73 (full 0):
 garbage-first heap   total 425984K, used 180189K [0x0000000080000000, 0x0000000100000000)
  region size 1024K, 9 young (9216K), 9 survivors (9216K)
 Metaspace       used 131653K, committed 132736K, reserved 1179648K
  class space    used 18129K, committed 18688K, reserved 1048576K
}
Event: 1099.260 GC heap before
{Heap before GC invocations=74 (full 0):
 garbage-first heap   total 425984K, used 346077K [0x0000000080000000, 0x0000000100000000)
  region size 1024K, 172 young (176128K), 9 survivors (9216K)
 Metaspace       used 131788K, committed 132864K, reserved 1179648K
  class space    used 18154K, committed 18688K, reserved 1048576K
}
Event: 1099.263 GC heap after
{Heap after GC invocations=75 (full 0):
 garbage-first heap   total 425984K, used 179353K [0x0000000080000000, 0x0000000100000000)
  region size 1024K, 8 young (8192K), 8 survivors (8192K)
 Metaspace       used 131788K, committed 132864K, reserved 1179648K
  class space    used 18154K, committed 18688K, reserved 1048576K
}
Event: 1099.287 GC heap before
{Heap before GC invocations=75 (full 0):
 garbage-first heap   total 425984K, used 190617K [0x0000000080000000, 0x0000000100000000)
  region size 1024K, 20 young (20480K), 8 survivors (8192K)
 Metaspace       used 131788K, committed 132864K, reserved 1179648K
  class space    used 18154K, committed 18688K, reserved 1048576K
}
Event: 1099.293 GC heap after
{Heap after GC invocations=76 (full 0):
 garbage-first heap   total 425984K, used 168845K [0x0000000080000000, 0x0000000100000000)
  region size 1024K, 2 young (2048K), 2 survivors (2048K)
 Metaspace       used 131788K, committed 132864K, reserved 1179648K
  class space    used 18154K, committed 18688K, reserved 1048576K
}
Event: 1099.601 GC heap before
{Heap before GC invocations=76 (full 0):
 garbage-first heap   total 425984K, used 273293K [0x0000000080000000, 0x0000000100000000)
  region size 1024K, 106 young (108544K), 2 survivors (2048K)
 Metaspace       used 131983K, committed 133056K, reserved 1179648K
  class space    used 18155K, committed 18688K, reserved 1048576K
}
Event: 1099.603 GC heap after
{Heap after GC invocations=77 (full 0):
 garbage-first heap   total 425984K, used 168857K [0x0000000080000000, 0x0000000100000000)
  region size 1024K, 2 young (2048K), 2 survivors (2048K)
 Metaspace       used 131983K, committed 133056K, reserved 1179648K
  class space    used 18155K, committed 18688K, reserved 1048576K
}
Event: 1449.659 GC heap before
{Heap before GC invocations=78 (full 0):
 garbage-first heap   total 425984K, used 409497K [0x0000000080000000, 0x0000000100000000)
  region size 1024K, 184 young (188416K), 2 survivors (2048K)
 Metaspace       used 132421K, committed 133504K, reserved 1179648K
  class space    used 18170K, committed 18752K, reserved 1048576K
}
Event: 1449.666 GC heap after
{Heap after GC invocations=79 (full 0):
 garbage-first heap   total 427008K, used 180873K [0x0000000080000000, 0x0000000100000000)
  region size 1024K, 14 young (14336K), 14 survivors (14336K)
 Metaspace       used 132421K, committed 133504K, reserved 1179648K
  class space    used 18170K, committed 18752K, reserved 1048576K
}
Event: 1449.704 GC heap before
{Heap before GC invocations=79 (full 0):
 garbage-first heap   total 427008K, used 187017K [0x0000000080000000, 0x0000000100000000)
  region size 1024K, 20 young (20480K), 14 survivors (14336K)
 Metaspace       used 132508K, committed 133632K, reserved 1179648K
  class space    used 18170K, committed 18752K, reserved 1048576K
}
Event: 1449.711 GC heap after
{Heap after GC invocations=80 (full 0):
 garbage-first heap   total 427008K, used 177197K [0x0000000080000000, 0x0000000100000000)
  region size 1024K, 2 young (2048K), 2 survivors (2048K)
 Metaspace       used 132508K, committed 133632K, reserved 1179648K
  class space    used 18170K, committed 18752K, reserved 1048576K
}
Event: 1449.774 GC heap before
{Heap before GC invocations=80 (full 0):
 garbage-first heap   total 427008K, used 188461K [0x0000000080000000, 0x0000000100000000)
  region size 1024K, 15 young (15360K), 2 survivors (2048K)
 Metaspace       used 132560K, committed 133696K, reserved 1179648K
  class space    used 18172K, committed 18752K, reserved 1048576K
}
Event: 1449.775 GC heap after
{Heap after GC invocations=81 (full 0):
 garbage-first heap   total 427008K, used 176431K [0x0000000080000000, 0x0000000100000000)
  region size 1024K, 2 young (2048K), 2 survivors (2048K)
 Metaspace       used 132560K, committed 133696K, reserved 1179648K
  class space    used 18172K, committed 18752K, reserved 1048576K
}
Event: 2218.409 GC heap before
{Heap before GC invocations=82 (full 0):
 garbage-first heap   total 427008K, used 403759K [0x0000000080000000, 0x0000000100000000)
  region size 1024K, 173 young (177152K), 2 survivors (2048K)
 Metaspace       used 132811K, committed 133952K, reserved 1179648K
  class space    used 18173K, committed 18752K, reserved 1048576K
}
Event: 2218.417 GC heap after
{Heap after GC invocations=83 (full 0):
 garbage-first heap   total 427008K, used 185534K [0x0000000080000000, 0x0000000100000000)
  region size 1024K, 13 young (13312K), 13 survivors (13312K)
 Metaspace       used 132811K, committed 133952K, reserved 1179648K
  class space    used 18173K, committed 18752K, reserved 1048576K
}
Event: 2218.422 GC heap before
{Heap before GC invocations=83 (full 0):
 garbage-first heap   total 427008K, used 191678K [0x0000000080000000, 0x0000000100000000)
  region size 1024K, 20 young (20480K), 13 survivors (13312K)
 Metaspace       used 132812K, committed 133952K, reserved 1179648K
  class space    used 18173K, committed 18752K, reserved 1048576K
}
Event: 2218.429 GC heap after
{Heap after GC invocations=84 (full 0):
 garbage-first heap   total 427008K, used 173827K [0x0000000080000000, 0x0000000100000000)
  region size 1024K, 2 young (2048K), 2 survivors (2048K)
 Metaspace       used 132812K, committed 133952K, reserved 1179648K
  class space    used 18173K, committed 18752K, reserved 1048576K
}
Event: 2218.678 GC heap before
{Heap before GC invocations=84 (full 0):
 garbage-first heap   total 427008K, used 347907K [0x0000000080000000, 0x0000000100000000)
  region size 1024K, 173 young (177152K), 2 survivors (2048K)
 Metaspace       used 133054K, committed 134144K, reserved 1179648K
  class space    used 18173K, committed 18752K, reserved 1048576K
}

