# JRE version: OpenJDK Runtime Environment (17.0.7) (build 17.0.7+0-b2043.56-10550314)
# Java VM: OpenJDK 64-Bit Server VM (17.0.7+0-b2043.56-10550314, mixed mode, tiered, compressed oops, compressed class ptrs, g1 gc, windows-amd64)
GC Precious Log:
 CPUs: 12 total, 12 available
 Memory: 15761M
 Large Page Support: Disabled
 NUMA Support: Disabled
 Compressed Oops: Enabled (Zero based)
 Heap Region Size: 2M
 Heap Min Capacity: 8M
 Heap Initial Capacity: 248M
 Heap Max Capacity: 3942M
 Pre-touch: Disabled
 Parallel Workers: 10
 Concurrent Workers: 3
 Concurrent Refinement Workers: 10
 Periodic GC: Disabled
Heap:
 garbage-first heap   total 253952K, used 128400K [0x0000000709a00000, 0x0000000800000000)
  region size 2048K, 1 young (2048K), 1 survivors (2048K)
 Metaspace       used 82335K, committed 82752K, reserved 1179648K
  class space    used 8613K, committed 8832K, reserved 1048576K
GC Heap History (20 events):
Event: 14.066 GC heap after
{Heap after GC invocations=29 (full 0):
 garbage-first heap   total 229376K, used 94218K [0x0000000709a00000, 0x0000000800000000)
  region size 2048K, 4 young (8192K), 4 survivors (8192K)
 Metaspace       used 62227K, committed 62592K, reserved 1114112K
  class space    used 6842K, committed 7040K, reserved 1048576K
}
Event: 15.825 GC heap before
{Heap before GC invocations=29 (full 0):
 garbage-first heap   total 229376K, used 178186K [0x0000000709a00000, 0x0000000800000000)
  region size 2048K, 45 young (92160K), 4 survivors (8192K)
 Metaspace       used 62583K, committed 62912K, reserved 1114112K
  class space    used 6849K, committed 7040K, reserved 1048576K
}
Event: 15.835 GC heap after
{Heap after GC invocations=30 (full 0):
 garbage-first heap   total 229376K, used 101205K [0x0000000709a00000, 0x0000000800000000)
  region size 2048K, 4 young (8192K), 4 survivors (8192K)
 Metaspace       used 62583K, committed 62912K, reserved 1114112K
  class space    used 6849K, committed 7040K, reserved 1048576K
}
Event: 17.094 GC heap before
{Heap before GC invocations=30 (full 0):
 garbage-first heap   total 229376K, used 181077K [0x0000000709a00000, 0x0000000800000000)
  region size 2048K, 43 young (88064K), 4 survivors (8192K)
 Metaspace       used 63201K, committed 63616K, reserved 1114112K
  class space    used 6898K, committed 7104K, reserved 1048576K
}
Event: 17.103 GC heap after
{Heap after GC invocations=31 (full 0):
 garbage-first heap   total 229376K, used 105823K [0x0000000709a00000, 0x0000000800000000)
  region size 2048K, 3 young (6144K), 3 survivors (6144K)
 Metaspace       used 63201K, committed 63616K, reserved 1114112K
  class space    used 6898K, committed 7104K, reserved 1048576K
}
Event: 18.088 GC heap before
{Heap before GC invocations=31 (full 0):
 garbage-first heap   total 229376K, used 183647K [0x0000000709a00000, 0x0000000800000000)
  region size 2048K, 41 young (83968K), 3 survivors (6144K)
 Metaspace       used 69683K, committed 70080K, reserved 1114112K
  class space    used 7504K, committed 7744K, reserved 1048576K
}
Event: 18.095 GC heap after
{Heap after GC invocations=32 (full 0):
 garbage-first heap   total 229376K, used 110320K [0x0000000709a00000, 0x0000000800000000)
  region size 2048K, 5 young (10240K), 5 survivors (10240K)
 Metaspace       used 69683K, committed 70080K, reserved 1114112K
  class space    used 7504K, committed 7744K, reserved 1048576K
}
Event: 18.851 GC heap before
{Heap before GC invocations=32 (full 0):
 garbage-first heap   total 229376K, used 186096K [0x0000000709a00000, 0x0000000800000000)
  region size 2048K, 42 young (86016K), 5 survivors (10240K)
 Metaspace       used 70537K, committed 70976K, reserved 1114112K
  class space    used 7555K, committed 7808K, reserved 1048576K
}
Event: 18.868 GC heap after
{Heap after GC invocations=33 (full 0):
 garbage-first heap   total 229376K, used 123057K [0x0000000709a00000, 0x0000000800000000)
  region size 2048K, 6 young (12288K), 6 survivors (12288K)
 Metaspace       used 70537K, committed 70976K, reserved 1114112K
  class space    used 7555K, committed 7808K, reserved 1048576K
}
Event: 19.543 GC heap before
{Heap before GC invocations=33 (full 0):
 garbage-first heap   total 229376K, used 182449K [0x0000000709a00000, 0x0000000800000000)
  region size 2048K, 35 young (71680K), 6 survivors (12288K)
 Metaspace       used 75136K, committed 75520K, reserved 1179648K
  class space    used 7973K, committed 8192K, reserved 1048576K
}
Event: 19.557 GC heap after
{Heap after GC invocations=34 (full 0):
 garbage-first heap   total 229376K, used 132149K [0x0000000709a00000, 0x0000000800000000)
  region size 2048K, 4 young (8192K), 4 survivors (8192K)
 Metaspace       used 75136K, committed 75520K, reserved 1179648K
  class space    used 7973K, committed 8192K, reserved 1048576K
}
Event: 20.187 GC heap before
{Heap before GC invocations=35 (full 0):
 garbage-first heap   total 229376K, used 183349K [0x0000000709a00000, 0x0000000800000000)
  region size 2048K, 30 young (61440K), 4 survivors (8192K)
 Metaspace       used 80435K, committed 80896K, reserved 1179648K
  class space    used 8510K, committed 8768K, reserved 1048576K
}
Event: 20.194 GC heap after
{Heap after GC invocations=36 (full 0):
 garbage-first heap   total 229376K, used 136206K [0x0000000709a00000, 0x0000000800000000)
  region size 2048K, 3 young (6144K), 3 survivors (6144K)
 Metaspace       used 80435K, committed 80896K, reserved 1179648K
  class space    used 8510K, committed 8768K, reserved 1048576K
}
Event: 20.206 GC heap before
{Heap before GC invocations=36 (full 0):
 garbage-first heap   total 229376K, used 140302K [0x0000000709a00000, 0x0000000800000000)
  region size 2048K, 5 young (10240K), 3 survivors (6144K)
 Metaspace       used 80454K, committed 80896K, reserved 1179648K
  class space    used 8510K, committed 8768K, reserved 1048576K
}
Event: 20.211 GC heap after
{Heap after GC invocations=37 (full 0):
 garbage-first heap   total 229376K, used 129315K [0x0000000709a00000, 0x0000000800000000)
  region size 2048K, 1 young (2048K), 1 survivors (2048K)
 Metaspace       used 80454K, committed 80896K, reserved 1179648K
  class space    used 8510K, committed 8768K, reserved 1048576K
}
Event: 20.518 GC heap before
{Heap before GC invocations=37 (full 0):
 garbage-first heap   total 229376K, used 184611K [0x0000000709a00000, 0x0000000800000000)
  region size 2048K, 28 young (57344K), 1 survivors (2048K)
 Metaspace       used 81504K, committed 81920K, reserved 1179648K
  class space    used 8575K, committed 8832K, reserved 1048576K
}
Event: 20.521 GC heap after
{Heap after GC invocations=38 (full 0):
 garbage-first heap   total 229376K, used 129476K [0x0000000709a00000, 0x0000000800000000)
  region size 2048K, 1 young (2048K), 1 survivors (2048K)
 Metaspace       used 81504K, committed 81920K, reserved 1179648K
  class space    used 8575K, committed 8832K, reserved 1048576K
}
Event: 20.934 GC heap before
{Heap before GC invocations=39 (full 0):
 garbage-first heap   total 243712K, used 186820K [0x0000000709a00000, 0x0000000800000000)
  region size 2048K, 29 young (59392K), 1 survivors (2048K)
 Metaspace       used 82319K, committed 82688K, reserved 1179648K
  class space    used 8612K, committed 8832K, reserved 1048576K
}
Event: 20.937 GC heap after
{Heap after GC invocations=40 (full 0):
 garbage-first heap   total 243712K, used 130735K [0x0000000709a00000, 0x0000000800000000)
  region size 2048K, 2 young (4096K), 2 survivors (4096K)
 Metaspace       used 82319K, committed 82688K, reserved 1179648K
  class space    used 8612K, committed 8832K, reserved 1048576K
}
Event: 20.956 GC heap before
{Heap before GC invocations=40 (full 0):
 garbage-first heap   total 243712K, used 136879K [0x0000000709a00000, 0x0000000800000000)
  region size 2048K, 5 young (10240K), 2 survivors (4096K)
 Metaspace       used 82335K, committed 82752K, reserved 1179648K
  class space    used 8613K, committed 8832K, reserved 1048576K
}

